{
  "RSpec": {
    "coverage": {
      "/Users/jordanbrooks/Documents/makers/week-challenge/bookmark-manager/lib/helper.rb": [
        1,
        1,
        1,
        9,
        0,
        null,
        null,
        1,
        4,
        4,
        null,
        null
      ],
      "/Users/jordanbrooks/Documents/makers/week-challenge/bookmark-manager/lib/app.rb": [
        1,
        1,
        1,
        1,
        null,
        1,
        1,
        1,
        null,
        null,
        null,
        1,
        5,
        5,
        0,
        null,
        null,
        1,
        0,
        0,
        0,
        null,
        null,
        1,
        0,
        0,
        null,
        null,
        1,
        0,
        0,
        null,
        null,
        1,
        0,
        0,
        null,
        null
      ],
      "/Users/jordanbrooks/Documents/makers/week-challenge/bookmark-manager/lib/bookmark_manager.rb": [
        1,
        1,
        1,
        null,
        1,
        null,
        1,
        5,
        null,
        0,
        null,
        null,
        1,
        0,
        null,
        null,
        1,
        0,
        0,
        null,
        null,
        1,
        0,
        0,
        null,
        null,
        1,
        0,
        null,
        null,
        1,
        1,
        5,
        5,
        0,
        0,
        null,
        null,
        1,
        5,
        null,
        null,
        1,
        0,
        null,
        null,
        1,
        0,
        null,
        null
      ],
      "/Users/jordanbrooks/Documents/makers/week-challenge/bookmark-manager/lib/bookmark_mapper.rb": [
        1,
        1,
        1,
        1,
        1,
        1,
        null,
        null,
        1,
        0,
        0,
        0,
        0,
        0,
        null,
        null,
        1,
        0,
        0,
        0,
        null,
        null,
        1,
        0,
        0,
        0,
        null,
        null,
        1,
        0,
        null,
        null,
        1,
        0,
        0,
        null,
        0,
        0,
        null,
        null,
        null
      ],
      "/Users/jordanbrooks/Documents/makers/week-challenge/bookmark-manager/lib/bookmark.rb": [
        1,
        1,
        1,
        2,
        2,
        2,
        2,
        null,
        null
      ],
      "/Users/jordanbrooks/Documents/makers/week-challenge/bookmark-manager/lib/comment.rb": [
        1,
        1,
        1,
        1,
        1,
        null,
        null
      ]
    },
    "timestamp": 1523608405
  }
}
