{
  "RSpec": {
    "coverage": {
      "/Users/jordanbrooks/Documents/makers/week-challenge/bookmark-manager/spec/bookmark_mapper_spec.rb": [
        1,
        1,
        1,
        1,
        null,
        null,
        null,
        null
      ],
      "/Users/jordanbrooks/Documents/makers/week-challenge/bookmark-manager/spec/bookmark_spec.rb": [
        1,
        1,
        1,
        2,
        null,
        null,
        null
      ],
      "/Users/jordanbrooks/Documents/makers/week-challenge/bookmark-manager/spec/features/add_bookmark_spec.rb": [
        1,
        1,
        1,
        1,
        1,
        1,
        null,
        null
      ],
      "/Users/jordanbrooks/Documents/makers/week-challenge/bookmark-manager/spec/features/view_bookmark_spec.rb": [
        1,
        1,
        1,
        1,
        1,
        null,
        null
      ]
    },
    "timestamp": 1523375236
  }
}
